<?xml version="1.0" encoding="UTF-8"?>
<!-- Generated by org.testng.reporters.JUnitXMLReporter -->
<testsuite hostname="USER-20150602CO" name="Default test" tests="4" failures="0" timestamp="13 Jul 2016 08:28:13 GMT" time="1.019" errors="0">
  <testcase name="redpacketTransaction" time="0.609" classname="api.test.demo.RedpacketTransaction_F"/>
  <testcase name="redpacketTransaction" time="0.283" classname="api.test.demo.RedpacketTransaction_F"/>
  <testcase name="redpacketTransaction" time="0.024" classname="api.test.demo.RedpacketTransaction_F"/>
  <testcase name="redpacketTransaction" time="0.056" classname="api.test.demo.RedpacketTransaction_F"/>
</testsuite> <!-- Default test -->
