<?xml version="1.0" encoding="UTF-8"?>
<!-- Generated by org.testng.reporters.JUnitXMLReporter -->
<testsuite hostname="USER-20150602CO" name="Default test" tests="1" failures="1" timestamp="7 Jul 2016 03:26:32 GMT" time="21.449" errors="0">
  <testcase name="baseApi" time="21.422" classname="boc.api.test.BaseApi">
    <failure type="java.lang.Throwable">
      <![CDATA[java.lang.Throwable
	at message : expected [true] but found [false] in method : .baseApi(BaseApi:51)
	at boc.api.test.BaseApi.baseApi(BaseApi.java:51)
]]>
    </failure>
  </testcase> <!-- baseApi -->
</testsuite> <!-- Default test -->
