<?xml version="1.0" encoding="UTF-8"?>
<testng-results skipped="0" failed="0" total="2" passed="2">
  <reporter-output>
  </reporter-output>
  <suite name="Default suite" duration-ms="907" started-at="2016-07-13T09:25:21Z" finished-at="2016-07-13T09:25:22Z">
    <groups>
    </groups>
    <test name="Default test" duration-ms="907" started-at="2016-07-13T09:25:21Z" finished-at="2016-07-13T09:25:22Z">
      <class name="api.test.demo.AccountDetails_F">
        <test-method status="PASS" signature="accountDetails(java.lang.String, java.lang.String, java.lang.String, java.lang.String)[pri:0, instance:api.test.demo.AccountDetails_F@1046128d]" name="accountDetails" duration-ms="228" started-at="2016-07-13T17:25:21Z" data-provider="accountDetails_F" finished-at="2016-07-13T17:25:21Z">
          <params>
            <param index="0">
              <value>
                <![CDATA[http://192.168.23.39:9656/api/newboc/v1/p2p/account/accountDetails?idNo=]]>
              </value>
            </param>
            <param index="1">
              <value>
                <![CDATA[校验总参数为空！]]>
              </value>
            </param>
            <param index="2">
              <value>
                <![CDATA[0]]>
              </value>
            </param>
            <param index="3">
              <value>
                <![CDATA[]]>
              </value>
            </param>
          </params>
          <reporter-output>
          </reporter-output>
        </test-method> <!-- accountDetails -->
        <test-method status="PASS" signature="accountDetails(java.lang.String, java.lang.String, java.lang.String, java.lang.String)[pri:0, instance:api.test.demo.AccountDetails_F@1046128d]" name="accountDetails" duration-ms="638" started-at="2016-07-13T17:25:21Z" data-provider="accountDetails_F" finished-at="2016-07-13T17:25:22Z">
          <params>
            <param index="0">
              <value>
                <![CDATA[http://192.168.23.39:9656/api/newboc/v1/p2p/account/accountDetails?idNo=32083019930329403]]>
              </value>
            </param>
            <param index="1">
              <value>
                <![CDATA[证件号码长度非法]]>
              </value>
            </param>
            <param index="2">
              <value>
                <![CDATA[0]]>
              </value>
            </param>
            <param index="3">
              <value>
                <![CDATA[CA100146]]>
              </value>
            </param>
          </params>
          <reporter-output>
          </reporter-output>
        </test-method> <!-- accountDetails -->
      </class> <!-- api.test.demo.AccountDetails_F -->
    </test> <!-- Default test -->
  </suite> <!-- Default suite -->
</testng-results>
